<?xml version="1.0" encoding="UTF-8"?>
<testsuite name="RecipesApplicationTest" tests="1" skipped="0" failures="0" errors="0" timestamp="2022-08-24T23:48:04" hostname="KC-18-38" time="6.843">
  <properties/>
  <testcase name="start" classname="RecipesApplicationTest" time="6.843"/>
  <system-out><![CDATA[?[1;31m
Start test 1?[0m

  .   ____          _            __ _ _
 /\\ / ___'_ __ _ _(_)_ __  __ _ \ \ \ \
( ( )\___ | '_ | '_| | '_ \/ _` | \ \ \ \
 \\/  ___)| |_)| | | | | || (_| |  ) ) ) )
  '  |____| .__|_| |_|_| |_\__, | / / / /
 =========|_|==============|___/=/_/_/_/
 :: Spring Boot ::                (v2.5.6)

2022-08-25 03:48:06.327  INFO 17576 --- [    Test worker] recipes.RecipesApplication               : Starting RecipesApplication using Java 17.0.3 on KC-18-38 with PID 17576 (started by knydv in D:\Recipes\Recipes\task)
2022-08-25 03:48:06.332  INFO 17576 --- [    Test worker] recipes.RecipesApplication               : No active profile set, falling back to default profiles: default
2022-08-25 03:48:09.255  INFO 17576 --- [    Test worker] o.s.b.w.embedded.tomcat.TomcatWebServer  : Tomcat initialized with port(s): 8881 (http)
2022-08-25 03:48:09.275  INFO 17576 --- [    Test worker] o.apache.catalina.core.StandardService   : Starting service [Tomcat]
2022-08-25 03:48:09.275  INFO 17576 --- [    Test worker] org.apache.catalina.core.StandardEngine  : Starting Servlet engine: [Apache Tomcat/9.0.54]
2022-08-25 03:48:09.421  INFO 17576 --- [    Test worker] o.a.c.c.C.[Tomcat].[localhost].[/]       : Initializing Spring embedded WebApplicationContext
2022-08-25 03:48:09.422  INFO 17576 --- [    Test worker] w.s.c.ServletWebServerApplicationContext : Root WebApplicationContext: initialization completed in 2565 ms
2022-08-25 03:48:10.425  INFO 17576 --- [    Test worker] o.s.b.a.e.web.EndpointLinksResolver      : Exposing 14 endpoint(s) beneath base path '/actuator'
2022-08-25 03:48:10.503  INFO 17576 --- [    Test worker] o.s.b.w.embedded.tomcat.TomcatWebServer  : Tomcat started on port(s): 8881 (http) with context path ''
2022-08-25 03:48:10.527  INFO 17576 --- [    Test worker] recipes.RecipesApplication               : Started RecipesApplication in 5.366 seconds (JVM running for 6.893)
2022-08-25 03:48:10.982  INFO 17576 --- [nio-8881-exec-1] o.a.c.c.C.[Tomcat].[localhost].[/]       : Initializing Spring DispatcherServlet 'dispatcherServlet'
2022-08-25 03:48:10.983  INFO 17576 --- [nio-8881-exec-1] o.s.web.servlet.DispatcherServlet        : Initializing Servlet 'dispatcherServlet'
2022-08-25 03:48:10.986  INFO 17576 --- [nio-8881-exec-1] o.s.web.servlet.DispatcherServlet        : Completed initialization in 2 ms
?[1;31m
Start test 2?[0m
?[1;31m
Start test 3?[0m
?[1;31m
Start test 4?[0m
?[1;31m
Start test 5?[0m
]]></system-out>
  <system-err><![CDATA[]]></system-err>
</testsuite>
