<?xml version="1.0" encoding="UTF-8"?>
<testsuite name="RecipesApplicationTest" tests="1" skipped="0" failures="0" errors="0" timestamp="2022-08-21T21:44:47" hostname="KC-18-38" time="4.378">
  <properties/>
  <testcase name="start" classname="RecipesApplicationTest" time="4.378"/>
  <system-out><![CDATA[?[1;31m
Start test 1?[0m

  .   ____          _            __ _ _
 /\\ / ___'_ __ _ _(_)_ __  __ _ \ \ \ \
( ( )\___ | '_ | '_| | '_ \/ _` | \ \ \ \
 \\/  ___)| |_)| | | | | || (_| |  ) ) ) )
  '  |____| .__|_| |_|_| |_\__, | / / / /
 =========|_|==============|___/=/_/_/_/
 :: Spring Boot ::                (v2.5.6)

2022-08-22 01:44:48.362  INFO 17984 --- [    Test worker] recipes.RecipesApplication               : Starting RecipesApplication using Java 17.0.3 on KC-18-38 with PID 17984 (started by knydv in D:\Recipes\Recipes\task)
2022-08-22 01:44:48.377  INFO 17984 --- [    Test worker] recipes.RecipesApplication               : No active profile set, falling back to default profiles: default
2022-08-22 01:44:50.137  INFO 17984 --- [    Test worker] o.s.b.w.embedded.tomcat.TomcatWebServer  : Tomcat initialized with port(s): 8881 (http)
2022-08-22 01:44:50.155  INFO 17984 --- [    Test worker] o.apache.catalina.core.StandardService   : Starting service [Tomcat]
2022-08-22 01:44:50.156  INFO 17984 --- [    Test worker] org.apache.catalina.core.StandardEngine  : Starting Servlet engine: [Apache Tomcat/9.0.54]
2022-08-22 01:44:50.293  INFO 17984 --- [    Test worker] o.a.c.c.C.[Tomcat].[localhost].[/]       : Initializing Spring embedded WebApplicationContext
2022-08-22 01:44:50.294  INFO 17984 --- [    Test worker] w.s.c.ServletWebServerApplicationContext : Root WebApplicationContext: initialization completed in 1836 ms
2022-08-22 01:44:51.160  INFO 17984 --- [    Test worker] o.s.b.a.e.web.EndpointLinksResolver      : Exposing 14 endpoint(s) beneath base path '/actuator'
2022-08-22 01:44:51.209  INFO 17984 --- [    Test worker] o.s.b.w.embedded.tomcat.TomcatWebServer  : Tomcat started on port(s): 8881 (http) with context path ''
2022-08-22 01:44:51.228  INFO 17984 --- [    Test worker] recipes.RecipesApplication               : Started RecipesApplication in 3.369 seconds (JVM running for 4.556)
2022-08-22 01:44:51.652  INFO 17984 --- [nio-8881-exec-1] o.a.c.c.C.[Tomcat].[localhost].[/]       : Initializing Spring DispatcherServlet 'dispatcherServlet'
2022-08-22 01:44:51.652  INFO 17984 --- [nio-8881-exec-1] o.s.web.servlet.DispatcherServlet        : Initializing Servlet 'dispatcherServlet'
2022-08-22 01:44:51.653  INFO 17984 --- [nio-8881-exec-1] o.s.web.servlet.DispatcherServlet        : Completed initialization in 1 ms
?[1;31m
Start test 2?[0m
?[1;31m
Start test 3?[0m
?[1;31m
Start test 4?[0m
]]></system-out>
  <system-err><![CDATA[]]></system-err>
</testsuite>
